0 info it worked if it ends with ok
1 verbose cli [ '/usr/bin/node',
1 verbose cli   '/usr/bin/npm',
1 verbose cli   'install',
1 verbose cli   'node-bourbon:',
1 verbose cli   '~1.0.0' ]
2 info using npm@1.4.9
3 info using node@v0.10.28
4 verbose node symlink /usr/bin/node
5 warn package.json WTTraining@0.0.1 No description
6 warn package.json WTTraining@0.0.1 No repository field.
7 warn package.json WTTraining@0.0.1 No README data
8 verbose readDependencies using package.json deps
9 verbose cache add [ 'node-bourbon:', null ]
10 verbose cache add name=undefined spec="node-bourbon:" args=["node-bourbon:",null]
11 verbose parsed url { protocol: 'node-bourbon:',
11 verbose parsed url   slashes: null,
11 verbose parsed url   auth: null,
11 verbose parsed url   host: '',
11 verbose parsed url   port: null,
11 verbose parsed url   hostname: '',
11 verbose parsed url   hash: null,
11 verbose parsed url   search: null,
11 verbose parsed url   query: null,
11 verbose parsed url   pathname: null,
11 verbose parsed url   path: null,
11 verbose parsed url   href: 'node-bourbon:' }
12 verbose cache add [ '~1.0.0', null ]
13 verbose cache add name=undefined spec="~1.0.0" args=["~1.0.0",null]
14 verbose parsed url { protocol: null,
14 verbose parsed url   slashes: null,
14 verbose parsed url   auth: null,
14 verbose parsed url   host: null,
14 verbose parsed url   port: null,
14 verbose parsed url   hostname: null,
14 verbose parsed url   hash: null,
14 verbose parsed url   search: null,
14 verbose parsed url   query: null,
14 verbose parsed url   pathname: '~1.0.0',
14 verbose parsed url   path: '~1.0.0',
14 verbose parsed url   href: '~1.0.0' }
15 silly lockFile be9e02b9-node-bourbon node-bourbon:
16 verbose lock node-bourbon: /home/user2/.npm/be9e02b9-node-bourbon.lock
17 silly lockFile c3c6592a-1-0-0 ~1.0.0
18 verbose lock ~1.0.0 /home/user2/.npm/c3c6592a-1-0-0.lock
19 silly lockFile be9e02b9-node-bourbon node-bourbon:
20 silly lockFile be9e02b9-node-bourbon node-bourbon:
21 verbose addNamed [ 'node-bourbon:', '' ]
22 verbose addNamed [ null, '*' ]
23 silly lockFile 1399583b-node-bourbon node-bourbon:@
24 verbose lock node-bourbon:@ /home/user2/.npm/1399583b-node-bourbon.lock
25 silly lockFile c3c6592a-1-0-0 ~1.0.0
26 silly lockFile c3c6592a-1-0-0 ~1.0.0
27 verbose addNamed [ '~1.0.0', '' ]
28 verbose addNamed [ null, '*' ]
29 silly lockFile 9416b27c-1-0-0 ~1.0.0@
30 verbose lock ~1.0.0@ /home/user2/.npm/9416b27c-1-0-0.lock
31 silly addNameRange { name: 'node-bourbon:', range: '*', hasData: false }
32 silly addNameRange { name: '~1.0.0', range: '*', hasData: false }
33 verbose url raw node-bourbon:
34 verbose url resolving [ 'https://registry.npmjs.org/', './node-bourbon%3A' ]
35 verbose url resolved https://registry.npmjs.org/node-bourbon%3A
36 info trying registry request attempt 1 at 10:41:48
37 http GET https://registry.npmjs.org/node-bourbon%3A
38 verbose url raw ~1.0.0
39 verbose url resolving [ 'https://registry.npmjs.org/', './~1.0.0' ]
40 verbose url resolved https://registry.npmjs.org/~1.0.0
41 info trying registry request attempt 1 at 10:41:48
42 http GET https://registry.npmjs.org/~1.0.0
43 http 404 https://registry.npmjs.org/node-bourbon%3A
44 verbose headers { date: 'Fri, 04 Jul 2014 09:41:50 GMT',
44 verbose headers   server: 'CouchDB/1.5.0 (Erlang OTP/R14B04)',
44 verbose headers   'content-type': 'application/json',
44 verbose headers   'cache-control': 'max-age=0',
44 verbose headers   'content-length': '52',
44 verbose headers   'accept-ranges': 'bytes',
44 verbose headers   via: '1.1 varnish',
44 verbose headers   age: '0',
44 verbose headers   'x-served-by': 'cache-lo83-LHR',
44 verbose headers   'x-cache': 'MISS',
44 verbose headers   'x-cache-hits': '0',
44 verbose headers   'x-timer': 'S1404466910.144446,VS0,VE89',
44 verbose headers   'keep-alive': 'timeout=10, max=50',
44 verbose headers   connection: 'Keep-Alive' }
45 silly registry.get cb [ 404,
45 silly registry.get   { date: 'Fri, 04 Jul 2014 09:41:50 GMT',
45 silly registry.get     server: 'CouchDB/1.5.0 (Erlang OTP/R14B04)',
45 silly registry.get     'content-type': 'application/json',
45 silly registry.get     'cache-control': 'max-age=0',
45 silly registry.get     'content-length': '52',
45 silly registry.get     'accept-ranges': 'bytes',
45 silly registry.get     via: '1.1 varnish',
45 silly registry.get     age: '0',
45 silly registry.get     'x-served-by': 'cache-lo83-LHR',
45 silly registry.get     'x-cache': 'MISS',
45 silly registry.get     'x-cache-hits': '0',
45 silly registry.get     'x-timer': 'S1404466910.144446,VS0,VE89',
45 silly registry.get     'keep-alive': 'timeout=10, max=50',
45 silly registry.get     connection: 'Keep-Alive' } ]
46 silly lockFile 1399583b-node-bourbon node-bourbon:@
47 silly lockFile 1399583b-node-bourbon node-bourbon:@
48 error 404 404 Not Found: node-bourbon%3A
48 error 404
48 error 404 'node-bourbon%3A' is not in the npm registry.
48 error 404 You should bug the author to publish it
48 error 404 It was specified as a dependency of 'WTTraining'
48 error 404
48 error 404 Maybe try 'npm search bourbon 3 '
48 error 404
48 error 404 Note that you can also install from a
48 error 404 tarball, folder, or http url, or git url.
49 error System Linux 3.8.0-42-generic
50 error command "/usr/bin/node" "/usr/bin/npm" "install" "node-bourbon:" "~1.0.0"
51 error cwd /var/www/ee/assets
52 error node -v v0.10.28
53 error npm -v 1.4.9
54 error code E404
55 verbose exit [ 1, true ]
